Using pre-set license
Built from '2020.3/staging' branch; Version is '2020.3.21f1 (a38c86f6690f) revision 10718342'; Using compiler version '192528614'; Build Type 'Release'
OS: 'Windows 10 Education; OS build 19043.1288; Version 2009; 64bit' Language: 'en' Physical Memory: 16335 MB
BatchMode: 1, IsHumanControllingUs: 0, StartBugReporterOnCrash: 0, Is64bit: 1, IsPro: 0

COMMAND LINE ARGUMENTS:
C:\Program Files\Unity\Hub\Editor\2020.3.21f1\Editor\Unity.exe
-adb2
-batchMode
-noUpm
-name
AssetImportWorker0
-projectPath
C:/Users/Bar/Documents/GitHub/VR-Classroom/VirtaulClassroom
-logFile
Logs/AssetImportWorker0.log
-srvPort
14672
Successfully changed project path to: C:/Users/Bar/Documents/GitHub/VR-Classroom/VirtaulClassroom
C:/Users/Bar/Documents/GitHub/VR-Classroom/VirtaulClassroom
Using Asset Import Pipeline V2.
Refreshing native plugins compatible for Editor in 60.66 ms, found 17 plugins.
Preloading 2 native plugins for Editor in 1.58 ms.
Initialize engine version: 2020.3.21f1 (a38c86f6690f)
[Subsystems] Discovering subsystems at path C:/Program Files/Unity/Hub/Editor/2020.3.21f1/Editor/Data/Resources/UnitySubsystems
[Subsystems] Discovering subsystems at path C:/Users/Bar/Documents/GitHub/VR-Classroom/VirtaulClassroom/Assets
GfxDevice: creating device client; threaded=0
Direct3D:
    Version:  Direct3D 11.0 [level 11.1]
    Renderer: NVIDIA GeForce RTX 3060 Ti (ID=0x2486)
    Vendor:   
    VRAM:     8050 MB
    Driver:   30.0.14.7168
Initialize mono
Mono path[0] = 'C:/Program Files/Unity/Hub/Editor/2020.3.21f1/Editor/Data/Managed'
Mono path[1] = 'C:/Program Files/Unity/Hub/Editor/2020.3.21f1/Editor/Data/MonoBleedingEdge/lib/mono/unityjit'
Mono config path = 'C:/Program Files/Unity/Hub/Editor/2020.3.21f1/Editor/Data/MonoBleedingEdge/etc'
Using monoOptions --debugger-agent=transport=dt_socket,embedding=1,server=y,suspend=n,address=127.0.0.1:56132
Begin MonoManager ReloadAssembly
Registering precompiled unity dll's ...
Register platform support module: C:/Program Files/Unity/Hub/Editor/2020.3.21f1/Editor/Data/PlaybackEngines/WindowsStandaloneSupport/UnityEditor.WindowsStandalone.Extensions.dll
Registered in 0.001628 seconds.
Native extension for WindowsStandalone target not found
Refreshing native plugins compatible for Editor in 43.65 ms, found 17 plugins.
Preloading 2 native plugins for Editor in 0.12 ms.
Mono: successfully reloaded assembly
- Completed reload, in  1.442 seconds
Domain Reload Profiling:
	ReloadAssembly (1442ms)
		BeginReloadAssembly (48ms)
			ExecutionOrderSort (0ms)
			DisableScriptedObjects (0ms)
			BackupInstance (0ms)
			ReleaseScriptingObjects (0ms)
			CreateAndSetChildDomain (1ms)
		EndReloadAssembly (369ms)
			LoadAssemblies (47ms)
			RebuildTransferFunctionScriptingTraits (0ms)
			SetupTypeCache (121ms)
			ReleaseScriptCaches (0ms)
			RebuildScriptCaches (25ms)
			SetupLoadedEditorAssemblies (145ms)
				LogAssemblyErrors (0ms)
				InitializePlatformSupportModulesInManaged (3ms)
				SetLoadedEditorAssemblies (0ms)
				RefreshPlugins (44ms)
				BeforeProcessingInitializeOnLoad (7ms)
				ProcessInitializeOnLoadAttributes (67ms)
				ProcessInitializeOnLoadMethodAttributes (23ms)
				AfterProcessingInitializeOnLoad (0ms)
				EditorAssembliesLoaded (0ms)
			ExecutionOrderSort2 (0ms)
			AwakeInstancesAfterBackupRestoration (0ms)
Platform modules already initialized, skipping
Registering precompiled user dll's ...
Registered in 0.010640 seconds.
Begin MonoManager ReloadAssembly
Symbol file data-0000025968FE5020 doesn't match image C:\Users\Bar\Documents\GitHub\VR-Classroom\VirtaulClassroom\Library\ScriptAssemblies\Unity.VSCode.Editor.dll
Symbol file LoadedFromMemory is not a mono symbol file
Symbol file data-00000259689D5A40 doesn't match image C:\Users\Bar\Documents\GitHub\VR-Classroom\VirtaulClassroom\Library\ScriptAssemblies\Unity.TextMeshPro.Editor.dll
Symbol file LoadedFromMemory is not a mono symbol file
Symbol file data-0000025969A4EAA0 doesn't match image C:\Users\Bar\Documents\GitHub\VR-Classroom\VirtaulClassroom\Library\ScriptAssemblies\Unity.XR.OpenXR.Features.OculusQuestSupport.Editor.dll
Symbol file LoadedFromMemory is not a mono symbol file
Symbol file data-000002596A025630 doesn't match image C:\Users\Bar\Documents\GitHub\VR-Classroom\VirtaulClassroom\Library\ScriptAssemblies\Unity.VisualStudio.Editor.dll
Symbol file LoadedFromMemory is not a mono symbol file
Symbol file data-00000259648EF820 doesn't match image C:\Users\Bar\Documents\GitHub\VR-Classroom\VirtaulClassroom\Library\ScriptAssemblies\UnityEngine.TestRunner.dll
Symbol file LoadedFromMemory is not a mono symbol file
Symbol file data-0000025964902230 doesn't match image C:\Users\Bar\Documents\GitHub\VR-Classroom\VirtaulClassroom\Library\ScriptAssemblies\Unity.XR.Management.Editor.dll
Symbol file LoadedFromMemory is not a mono symbol file
Symbol file data-0000025968D7D430 doesn't match image C:\Users\Bar\Documents\GitHub\VR-Classroom\VirtaulClassroom\Library\ScriptAssemblies\Unity.Timeline.dll
Symbol file LoadedFromMemory is not a mono symbol file
Symbol file data-0000025968B70020 doesn't match image C:\Users\Bar\Documents\GitHub\VR-Classroom\VirtaulClassroom\Library\ScriptAssemblies\Unity.TextMeshPro.dll
Symbol file LoadedFromMemory is not a mono symbol file
Symbol file data-0000025AFEF3D630 doesn't match image C:\Users\Bar\Documents\GitHub\VR-Classroom\VirtaulClassroom\Library\ScriptAssemblies\Unity.InternalAPIEditorBridge.005.dll
Symbol file LoadedFromMemory is not a mono symbol file
Symbol file data-0000025968B9E230 doesn't match image C:\Users\Bar\Documents\GitHub\VR-Classroom\VirtaulClassroom\Library\ScriptAssemblies\UnityEditor.TestRunner.dll
Symbol file LoadedFromMemory is not a mono symbol file
Symbol file data-0000025964646020 doesn't match image C:\Users\Bar\Documents\GitHub\VR-Classroom\VirtaulClassroom\Library\ScriptAssemblies\Unity.XR.OpenXR.Features.MockRuntime.dll
Symbol file LoadedFromMemory is not a mono symbol file
Symbol file data-0000025964902230 doesn't match image C:\Users\Bar\Documents\GitHub\VR-Classroom\VirtaulClassroom\Library\ScriptAssemblies\UnityEditor.UI.dll
Symbol file LoadedFromMemory is not a mono symbol file
Symbol file data-0000025969267010 doesn't match image C:\Users\Bar\Documents\GitHub\VR-Classroom\VirtaulClassroom\Library\ScriptAssemblies\Unity.InputSystem.dll
Symbol file LoadedFromMemory is not a mono symbol file
Symbol file data-0000025969576C20 doesn't match image C:\Users\Bar\Documents\GitHub\VR-Classroom\VirtaulClassroom\Library\ScriptAssemblies\Unity.Rider.Editor.dll
Symbol file LoadedFromMemory is not a mono symbol file
Symbol file data-0000025968BC4020 doesn't match image C:\Users\Bar\Documents\GitHub\VR-Classroom\VirtaulClassroom\Library\ScriptAssemblies\Unity.PlasticSCM.Editor.dll
Symbol file LoadedFromMemory is not a mono symbol file
Symbol file data-00000259646F3B90 doesn't match image C:\Users\Bar\Documents\GitHub\VR-Classroom\VirtaulClassroom\Library\ScriptAssemblies\Unity.XR.OpenXR.Features.OculusQuestSupport.dll
Symbol file LoadedFromMemory is not a mono symbol file
Symbol file data-0000025964A1BA00 doesn't match image C:\Users\Bar\Documents\GitHub\VR-Classroom\VirtaulClassroom\Library\ScriptAssemblies\UnityEngine.SpatialTracking.dll
Symbol file LoadedFromMemory is not a mono symbol file
Symbol file data-0000025968BD4030 doesn't match image C:\Users\Bar\Documents\GitHub\VR-Classroom\VirtaulClassroom\Library\ScriptAssemblies\UnityEngine.UI.dll
Symbol file LoadedFromMemory is not a mono symbol file
Symbol file data-00000259648B3030 doesn't match image C:\Users\Bar\Documents\GitHub\VR-Classroom\VirtaulClassroom\Library\ScriptAssemblies\Unity.XR.MockHMD.Editor.dll
Symbol file LoadedFromMemory is not a mono symbol file
Symbol file data-00000259649BE8E0 doesn't match image C:\Users\Bar\Documents\GitHub\VR-Classroom\VirtaulClassroom\Library\ScriptAssemblies\Unity.XR.MockHMD.dll
Symbol file LoadedFromMemory is not a mono symbol file
Symbol file data-00000259645EF920 doesn't match image C:\Users\Bar\Documents\GitHub\VR-Classroom\VirtaulClassroom\Library\ScriptAssemblies\Unity.XR.OpenXR.TestHelpers.dll
Symbol file LoadedFromMemory is not a mono symbol file
Symbol file data-0000025964A148C0 doesn't match image C:\Users\Bar\Documents\GitHub\VR-Classroom\VirtaulClassroom\Library\ScriptAssemblies\UnityEngine.XR.LegacyInputHelpers.dll
Symbol file LoadedFromMemory is not a mono symbol file
Symbol file data-00000259686BD890 doesn't match image C:\Users\Bar\Documents\GitHub\VR-Classroom\VirtaulClassroom\Library\ScriptAssemblies\Unity.XR.OpenXR.Editor.dll
Symbol file LoadedFromMemory is not a mono symbol file
Symbol file data-0000025969576C20 doesn't match image C:\Users\Bar\Documents\GitHub\VR-Classroom\VirtaulClassroom\Library\ScriptAssemblies\Unity.Services.Core.Editor.dll
Symbol file LoadedFromMemory is not a mono symbol file
Symbol file data-0000025969334010 doesn't match image C:\Users\Bar\Documents\GitHub\VR-Classroom\VirtaulClassroom\Library\ScriptAssemblies\Unity.Timeline.Editor.dll
Symbol file LoadedFromMemory is not a mono symbol file
Symbol file data-0000025969A50040 doesn't match image C:\Users\Bar\Documents\GitHub\VR-Classroom\VirtaulClassroom\Library\ScriptAssemblies\UnityEditor.XR.LegacyInputHelpers.dll
Symbol file LoadedFromMemory is not a mono symbol file
Symbol file data-00000259689F1C70 doesn't match image C:\Users\Bar\Documents\GitHub\VR-Classroom\VirtaulClassroom\Library\ScriptAssemblies\Unity.XR.Management.dll
Symbol file LoadedFromMemory is not a mono symbol file
Symbol file data-0000025968A3B650 doesn't match image C:\Users\Bar\Documents\GitHub\VR-Classroom\VirtaulClassroom\Library\ScriptAssemblies\Unity.CollabProxy.Editor.dll
Symbol file LoadedFromMemory is not a mono symbol file
Symbol file data-0000025968FC2430 doesn't match image C:\Users\Bar\Documents\GitHub\VR-Classroom\VirtaulClassroom\Library\ScriptAssemblies\Unity.XR.OpenXR.Features.RuntimeDebugger.dll
Symbol file LoadedFromMemory is not a mono symbol file
Symbol file data-000002596A025630 doesn't match image C:\Users\Bar\Documents\GitHub\VR-Classroom\VirtaulClassroom\Library\ScriptAssemblies\Unity.XR.OpenXR.dll
Symbol file LoadedFromMemory is not a mono symbol file
Symbol file data-0000025968FC2430 doesn't match image C:\Users\Bar\Documents\GitHub\VR-Classroom\VirtaulClassroom\Library\ScriptAssemblies\Unity.XR.Oculus.Editor.dll
Symbol file LoadedFromMemory is not a mono symbol file
Symbol file data-0000025964632040 doesn't match image C:\Users\Bar\Documents\GitHub\VR-Classroom\VirtaulClassroom\Library\ScriptAssemblies\UnityEditor.SpatialTracking.dll
Symbol file LoadedFromMemory is not a mono symbol file
Symbol file data-0000025964E597A0 doesn't match image C:\Users\Bar\Documents\GitHub\VR-Classroom\VirtaulClassroom\Library\ScriptAssemblies\Unity.XR.OpenXR.Features.ConformanceAutomation.dll
Symbol file LoadedFromMemory is not a mono symbol file
Symbol file data-0000025964646020 doesn't match image C:\Users\Bar\Documents\GitHub\VR-Classroom\VirtaulClassroom\Library\ScriptAssemblies\Unity.XR.OpenXR.Features.RuntimeDebugger.Editor.dll
Symbol file LoadedFromMemory is not a mono symbol file
Symbol file data-0000025964CC6C50 doesn't match image C:\Users\Bar\Documents\GitHub\VR-Classroom\VirtaulClassroom\Library\ScriptAssemblies\Unity.XR.OpenXR.Features.MockDriver.dll
Symbol file LoadedFromMemory is not a mono symbol file
Symbol file data-0000025968C02A70 doesn't match image C:\Users\Bar\Documents\GitHub\VR-Classroom\VirtaulClassroom\Library\ScriptAssemblies\Unity.XR.Oculus.dll
Symbol file LoadedFromMemory is not a mono symbol file
Native extension for WindowsStandalone target not found
Refreshing native plugins compatible for Editor in 44.59 ms, found 17 plugins.
Preloading 2 native plugins for Editor in 0.12 ms.
[XR] OculusXRPlugin: registering subsystems
[XR] Unable to register display lifecyle provider: [1]
[XR] Oculus Input lifecycle provider registered.
[XR] Unable to register input lifecyle provider: [1]
System.Reflection.TargetInvocationException: Exception has been thrown by the target of an invocation. ---> System.NullReferenceException: Object reference not set to an instance of an object
  at Unity.XR.Oculus.OculusLoader.AssetPathToAbsolutePath (System.String assetPath) [0x0004e] in <1d7d48f2e30f44cd83a87506d0e65646>:0 
  at Unity.XR.Oculus.OculusLoader.EditorLoadOVRPlugin () [0x0007b] in <1d7d48f2e30f44cd83a87506d0e65646>:0 
  at (wrapper managed-to-native) System.Reflection.MonoMethod.InternalInvoke(System.Reflection.MonoMethod,object,object[],System.Exception&)
  at System.Reflection.MonoMethod.Invoke (System.Object obj, System.Reflection.BindingFlags invokeAttr, System.Reflection.Binder binder, System.Object[] parameters, System.Globalization.CultureInfo culture) [0x00032] in <695d1cc93cca45069c528c15c9fdd749>:0 
   --- End of inner exception stack trace ---
  at System.Reflection.MonoMethod.Invoke (System.Object obj, System.Reflection.BindingFlags invokeAttr, System.Reflection.Binder binder, System.Object[] parameters, System.Globalization.CultureInfo culture) [0x00048] in <695d1cc93cca45069c528c15c9fdd749>:0 
  at System.Reflection.MethodBase.Invoke (System.Object obj, System.Object[] parameters) [0x00000] in <695d1cc93cca45069c528c15c9fdd749>:0 
  at UnityEditor.EditorAssemblies.ProcessInitializeOnLoadMethodAttributes () [0x00047] in <208f92fc783546f9abbe643bfc23920c>:0 
UnityEngine.StackTraceUtility:ExtractStackTrace ()
UnityEngine.DebugLogHandler:LogFormat (UnityEngine.LogType,UnityEngine.Object,string,object[])
UnityEngine.Logger:Log (UnityEngine.LogType,object)
UnityEngine.Debug:LogError (object)
UnityEditor.EditorAssemblies:ProcessInitializeOnLoadMethodAttributes ()

Mono: successfully reloaded assembly
- Completed reload, in  1.018 seconds
Domain Reload Profiling:
	ReloadAssembly (1019ms)
		BeginReloadAssembly (124ms)
			ExecutionOrderSort (0ms)
			DisableScriptedObjects (4ms)
			BackupInstance (0ms)
			ReleaseScriptingObjects (0ms)
			CreateAndSetChildDomain (16ms)
		EndReloadAssembly (840ms)
			LoadAssemblies (81ms)
			RebuildTransferFunctionScriptingTraits (0ms)
			SetupTypeCache (247ms)
			ReleaseScriptCaches (0ms)
			RebuildScriptCaches (43ms)
			SetupLoadedEditorAssemblies (358ms)
				LogAssemblyErrors (0ms)
				InitializePlatformSupportModulesInManaged (3ms)
				SetLoadedEditorAssemblies (0ms)
				RefreshPlugins (45ms)
				BeforeProcessingInitializeOnLoad (71ms)
				ProcessInitializeOnLoadAttributes (216ms)
				ProcessInitializeOnLoadMethodAttributes (17ms)
				AfterProcessingInitializeOnLoad (6ms)
				EditorAssembliesLoaded (0ms)
			ExecutionOrderSort2 (0ms)
			AwakeInstancesAfterBackupRestoration (5ms)
Platform modules already initialized, skipping
========================================================================
Worker process is ready to serve import requests
Launched and connected shader compiler UnityShaderCompiler.exe after 0.05 seconds
Refreshing native plugins compatible for Editor in 1.35 ms, found 17 plugins.
Preloading 2 native plugins for Editor in 0.15 ms.
Unloading 2363 Unused Serialized files (Serialized files now loaded: 0)
System memory in use before: 100.7 MB.
System memory in use after: 100.9 MB.

Unloading 41 unused Assets to reduce memory usage. Loaded Objects now: 2808.
Total: 3.968400 ms (FindLiveObjects: 0.367200 ms CreateObjectMapping: 0.076400 ms MarkObjects: 3.428000 ms  DeleteObjects: 0.095500 ms)

AssetImportParameters requested are different than current active one (requested -> active):
  custom:framework-win-MediaFoundation: 216162199b28c13a410421893ffa2e32 -> 
  custom:video-decoder-ogg-theora: a1e56fd34408186e4bbccfd4996cb3dc -> 
  custom:container-muxer-webm: aa71ff27fc2769a1b78a27578f13a17b -> 
  custom:container-demuxer-webm: 4f35f7cbe854078d1ac9338744f61a02 -> 
  custom:container-demuxer-ogg: 62fdf1f143b41e24485cea50d1cbac27 -> 
  custom:video-encoder-webm-vp8: eb34c28f22e8b96e1ab97ce403110664 -> 
  custom:video-decoder-webm-vp8: 9c59270c3fd7afecdb556c50c9e8de78 -> 
  custom:audio-decoder-ogg-vorbis: bf7c407c2cedff20999df2af8eb42d56 -> 
  custom:audio-encoder-webm-vorbis: bf7c407c2cedff20999df2af8eb42d56 -> 
========================================================================
Received Import Request.
  path: Assets/Materials/Green.mat
  artifactKey: Guid(4773087ddf6c36744b7f9665aaaf9a3d) Importer(815301076,1909f56bfc062723c751e8b465ee728b)
Start importing Assets/Materials/Green.mat using Guid(4773087ddf6c36744b7f9665aaaf9a3d) Importer(815301076,1909f56bfc062723c751e8b465ee728b)  -> (artifact id: '074ceb928839333ae559a6148cd32282') in 0.104323 seconds 
  Import took 0.107899 seconds .

========================================================================
Received Import Request.
  Time since last request: 0.000309 seconds.
  path: Assets/Materials/WallPaintPartial.jpg
  artifactKey: Guid(e1609c1d303d3914886fe6076b1411a0) Importer(815301076,1909f56bfc062723c751e8b465ee728b)
Start importing Assets/Materials/WallPaintPartial.jpg using Guid(e1609c1d303d3914886fe6076b1411a0) Importer(815301076,1909f56bfc062723c751e8b465ee728b)  -> (artifact id: '9218a77c3e6046be578e653208d0ddcb') in 0.069721 seconds 
  Import took 0.073638 seconds .

========================================================================
Received Import Request.
  Time since last request: 0.000168 seconds.
  path: Assets/Materials/BoardFrame.mat
  artifactKey: Guid(46119bb3ff19ed04bb398a5f9e5b9b3c) Importer(815301076,1909f56bfc062723c751e8b465ee728b)
Start importing Assets/Materials/BoardFrame.mat using Guid(46119bb3ff19ed04bb398a5f9e5b9b3c) Importer(815301076,1909f56bfc062723c751e8b465ee728b)  -> (artifact id: 'd12e6f62e30ccca089b19f8975798a23') in 0.026438 seconds 
  Import took 0.030221 seconds .

========================================================================
Received Import Request.
  Time since last request: 0.000146 seconds.
  path: Assets/Materials/Glass.mat
  artifactKey: Guid(2b41725ad64be07448c8af78628805b8) Importer(815301076,1909f56bfc062723c751e8b465ee728b)
Start importing Assets/Materials/Glass.mat using Guid(2b41725ad64be07448c8af78628805b8) Importer(815301076,1909f56bfc062723c751e8b465ee728b)  -> (artifact id: '98d48fc99e6060a59197ba9f2f55f363') in 0.011260 seconds 
  Import took 0.014595 seconds .

========================================================================
Received Import Request.
  Time since last request: 0.000180 seconds.
  path: Assets/Materials/Board.mat
  artifactKey: Guid(b88a33b64e08a6b4d90d359b1a0f1580) Importer(815301076,1909f56bfc062723c751e8b465ee728b)
Start importing Assets/Materials/Board.mat using Guid(b88a33b64e08a6b4d90d359b1a0f1580) Importer(815301076,1909f56bfc062723c751e8b465ee728b)  -> (artifact id: '950e02bca1235e3ba41e345519f21012') in 0.012448 seconds 
  Import took 0.015958 seconds .

========================================================================
Received Import Request.
  Time since last request: 0.000171 seconds.
  path: Assets/Materials/Floor2.jpg
  artifactKey: Guid(ee6a0d34a3537dc409562c59feef8b1a) Importer(815301076,1909f56bfc062723c751e8b465ee728b)
Start importing Assets/Materials/Floor2.jpg using Guid(ee6a0d34a3537dc409562c59feef8b1a) Importer(815301076,1909f56bfc062723c751e8b465ee728b)  -> (artifact id: '47d79abc0a17da3e212956c51c446266') in 0.011550 seconds 
  Import took 0.014687 seconds .

========================================================================
Received Import Request.
  Time since last request: 0.000145 seconds.
  path: Assets/Materials/New Material.mat
  artifactKey: Guid(3e4adef8579a7e94193d8cc5652b04e8) Importer(815301076,1909f56bfc062723c751e8b465ee728b)
Start importing Assets/Materials/New Material.mat using Guid(3e4adef8579a7e94193d8cc5652b04e8) Importer(815301076,1909f56bfc062723c751e8b465ee728b)  -> (artifact id: 'cc691c5ba9c4552c5478ad09193eb86b') in 0.020206 seconds 
  Import took 0.023410 seconds .

========================================================================
Received Import Request.
  Time since last request: 0.000182 seconds.
  path: Assets/Materials/FullWall.jpg
  artifactKey: Guid(80d16ed8d4d50c04c9160e3ebd070635) Importer(815301076,1909f56bfc062723c751e8b465ee728b)
Start importing Assets/Materials/FullWall.jpg using Guid(80d16ed8d4d50c04c9160e3ebd070635) Importer(815301076,1909f56bfc062723c751e8b465ee728b)  -> (artifact id: '801be534ec1c7ea33522cddc379c618e') in 0.010548 seconds 
  Import took 0.013581 seconds .

========================================================================
Received Import Request.
  Time since last request: 0.000152 seconds.
  path: Assets/Scripts/Board.cs
  artifactKey: Guid(cc746875906f02945986e8de68d4a9e0) Importer(815301076,1909f56bfc062723c751e8b465ee728b)
Start importing Assets/Scripts/Board.cs using Guid(cc746875906f02945986e8de68d4a9e0) Importer(815301076,1909f56bfc062723c751e8b465ee728b)  -> (artifact id: '927f7f14a9656ed816bda344003ab237') in 0.008372 seconds 
  Import took 0.011328 seconds .

========================================================================
Received Import Request.
  Time since last request: 0.000168 seconds.
  path: Assets/Materials/WallPaintFull.jpg
  artifactKey: Guid(3c18d4a760e89cd44ab307ede1132ce2) Importer(815301076,1909f56bfc062723c751e8b465ee728b)
Start importing Assets/Materials/WallPaintFull.jpg using Guid(3c18d4a760e89cd44ab307ede1132ce2) Importer(815301076,1909f56bfc062723c751e8b465ee728b)  -> (artifact id: '4e22d790676028290e8cbc9dd481e310') in 0.010775 seconds 
  Import took 0.013952 seconds .

========================================================================
Received Import Request.
  Time since last request: 0.000192 seconds.
  path: Assets/Materials/PartWall.jpg
  artifactKey: Guid(950d5d109d390a248954553e536b0f6d) Importer(815301076,1909f56bfc062723c751e8b465ee728b)
Start importing Assets/Materials/PartWall.jpg using Guid(950d5d109d390a248954553e536b0f6d) Importer(815301076,1909f56bfc062723c751e8b465ee728b)  -> (artifact id: '29ab1a17ed69ce7604bdaafafe1aa8a4') in 0.011435 seconds 
  Import took 0.014876 seconds .

========================================================================
Received Import Request.
  Time since last request: 687.583120 seconds.
  path: Assets/Scripts/Board.cs
  artifactKey: Guid(cc746875906f02945986e8de68d4a9e0) Importer(815301076,1909f56bfc062723c751e8b465ee728b)
Start importing Assets/Scripts/Board.cs using Guid(cc746875906f02945986e8de68d4a9e0) Importer(815301076,1909f56bfc062723c751e8b465ee728b)  -> (artifact id: '6c0dbc4c280f0adfc5834bed183c22f0') in 0.002444 seconds 
  Import took 0.006589 seconds .

========================================================================
Received Prepare
Registering precompiled user dll's ...
Registered in 0.011636 seconds.
Begin MonoManager ReloadAssembly
Symbol file data-000002596EF649B0 doesn't match image C:\Users\Bar\Documents\GitHub\VR-Classroom\VirtaulClassroom\Library\ScriptAssemblies\Unity.VSCode.Editor.dll
Symbol file LoadedFromMemory is not a mono symbol file
Symbol file data-000002596A418010 doesn't match image C:\Users\Bar\Documents\GitHub\VR-Classroom\VirtaulClassroom\Library\ScriptAssemblies\Unity.TextMeshPro.Editor.dll
Symbol file LoadedFromMemory is not a mono symbol file
Symbol file data-000002596E6E9730 doesn't match image C:\Users\Bar\Documents\GitHub\VR-Classroom\VirtaulClassroom\Library\ScriptAssemblies\Unity.XR.OpenXR.Features.OculusQuestSupport.Editor.dll
Symbol file LoadedFromMemory is not a mono symbol file
Symbol file data-0000025968792030 doesn't match image C:\Users\Bar\Documents\GitHub\VR-Classroom\VirtaulClassroom\Library\ScriptAssemblies\Unity.VisualStudio.Editor.dll
Symbol file LoadedFromMemory is not a mono symbol file
Symbol file data-0000025968E26010 doesn't match image C:\Users\Bar\Documents\GitHub\VR-Classroom\VirtaulClassroom\Library\ScriptAssemblies\UnityEngine.TestRunner.dll
Symbol file LoadedFromMemory is not a mono symbol file
Symbol file data-0000025964D32020 doesn't match image C:\Users\Bar\Documents\GitHub\VR-Classroom\VirtaulClassroom\Library\ScriptAssemblies\Unity.XR.Management.Editor.dll
Symbol file LoadedFromMemory is not a mono symbol file
Symbol file data-0000025969DC10A0 doesn't match image C:\Users\Bar\Documents\GitHub\VR-Classroom\VirtaulClassroom\Library\ScriptAssemblies\Unity.Timeline.dll
Symbol file LoadedFromMemory is not a mono symbol file
Symbol file data-000002596D26EE40 doesn't match image C:\Users\Bar\Documents\GitHub\VR-Classroom\VirtaulClassroom\Library\ScriptAssemblies\Unity.TextMeshPro.dll
Symbol file LoadedFromMemory is not a mono symbol file
Symbol file data-0000025AFEF3E030 doesn't match image C:\Users\Bar\Documents\GitHub\VR-Classroom\VirtaulClassroom\Library\ScriptAssemblies\Unity.InternalAPIEditorBridge.005.dll
Symbol file LoadedFromMemory is not a mono symbol file
Symbol file data-000002596C3B2040 doesn't match image C:\Users\Bar\Documents\GitHub\VR-Classroom\VirtaulClassroom\Library\ScriptAssemblies\UnityEditor.TestRunner.dll
Symbol file LoadedFromMemory is not a mono symbol file
Symbol file data-000002596A9C48D0 doesn't match image C:\Users\Bar\Documents\GitHub\VR-Classroom\VirtaulClassroom\Library\ScriptAssemblies\Unity.XR.OpenXR.Features.MockRuntime.dll
Symbol file LoadedFromMemory is not a mono symbol file
Symbol file data-000002596EF68B90 doesn't match image C:\Users\Bar\Documents\GitHub\VR-Classroom\VirtaulClassroom\Library\ScriptAssemblies\UnityEditor.UI.dll
Symbol file LoadedFromMemory is not a mono symbol file
Symbol file data-000002596A8C9030 doesn't match image C:\Users\Bar\Documents\GitHub\VR-Classroom\VirtaulClassroom\Library\ScriptAssemblies\Unity.InputSystem.dll
Symbol file LoadedFromMemory is not a mono symbol file
Symbol file data-000002596A598020 doesn't match image C:\Users\Bar\Documents\GitHub\VR-Classroom\VirtaulClassroom\Library\ScriptAssemblies\Unity.Rider.Editor.dll
Symbol file LoadedFromMemory is not a mono symbol file
Symbol file data-00000259648D5010 doesn't match image C:\Users\Bar\Documents\GitHub\VR-Classroom\VirtaulClassroom\Library\ScriptAssemblies\Unity.PlasticSCM.Editor.dll
Symbol file LoadedFromMemory is not a mono symbol file
Symbol file data-0000025976A76960 doesn't match image C:\Users\Bar\Documents\GitHub\VR-Classroom\VirtaulClassroom\Library\ScriptAssemblies\Unity.XR.OpenXR.Features.OculusQuestSupport.dll
Symbol file LoadedFromMemory is not a mono symbol file
Symbol file data-000002596F0283E0 doesn't match image C:\Users\Bar\Documents\GitHub\VR-Classroom\VirtaulClassroom\Library\ScriptAssemblies\UnityEngine.SpatialTracking.dll
Symbol file LoadedFromMemory is not a mono symbol file
Symbol file data-000002596A010020 doesn't match image C:\Users\Bar\Documents\GitHub\VR-Classroom\VirtaulClassroom\Library\ScriptAssemblies\UnityEngine.UI.dll
Symbol file LoadedFromMemory is not a mono symbol file
Symbol file data-000002596C3D4020 doesn't match image C:\Users\Bar\Documents\GitHub\VR-Classroom\VirtaulClassroom\Library\ScriptAssemblies\Unity.XR.MockHMD.Editor.dll
Symbol file LoadedFromMemory is not a mono symbol file
Symbol file data-0000025976A76960 doesn't match image C:\Users\Bar\Documents\GitHub\VR-Classroom\VirtaulClassroom\Library\ScriptAssemblies\Unity.XR.MockHMD.dll
Symbol file LoadedFromMemory is not a mono symbol file
Symbol file data-000002596EEB4110 doesn't match image C:\Users\Bar\Documents\GitHub\VR-Classroom\VirtaulClassroom\Library\ScriptAssemblies\Unity.XR.OpenXR.TestHelpers.dll
Symbol file LoadedFromMemory is not a mono symbol file
Symbol file data-0000025968838020 doesn't match image C:\Users\Bar\Documents\GitHub\VR-Classroom\VirtaulClassroom\Library\ScriptAssemblies\UnityEngine.XR.LegacyInputHelpers.dll
Symbol file LoadedFromMemory is not a mono symbol file
Symbol file data-000002596A598020 doesn't match image C:\Users\Bar\Documents\GitHub\VR-Classroom\VirtaulClassroom\Library\ScriptAssemblies\Unity.XR.OpenXR.Editor.dll
Symbol file LoadedFromMemory is not a mono symbol file
Symbol file data-000002596A598020 doesn't match image C:\Users\Bar\Documents\GitHub\VR-Classroom\VirtaulClassroom\Library\ScriptAssemblies\Unity.Services.Core.Editor.dll
Symbol file LoadedFromMemory is not a mono symbol file
Symbol file data-0000025968F81010 doesn't match image C:\Users\Bar\Documents\GitHub\VR-Classroom\VirtaulClassroom\Library\ScriptAssemblies\Unity.Timeline.Editor.dll
Symbol file LoadedFromMemory is not a mono symbol file
Symbol file data-000002596A079190 doesn't match image C:\Users\Bar\Documents\GitHub\VR-Classroom\VirtaulClassroom\Library\ScriptAssemblies\UnityEditor.XR.LegacyInputHelpers.dll
Symbol file LoadedFromMemory is not a mono symbol file
Symbol file data-0000025964CC5C40 doesn't match image C:\Users\Bar\Documents\GitHub\VR-Classroom\VirtaulClassroom\Library\ScriptAssemblies\Unity.XR.Management.dll
Symbol file LoadedFromMemory is not a mono symbol file
Symbol file data-00000259689E5A50 doesn't match image C:\Users\Bar\Documents\GitHub\VR-Classroom\VirtaulClassroom\Library\ScriptAssemblies\Unity.CollabProxy.Editor.dll
Symbol file LoadedFromMemory is not a mono symbol file
Symbol file data-000002596F0283E0 doesn't match image C:\Users\Bar\Documents\GitHub\VR-Classroom\VirtaulClassroom\Library\ScriptAssemblies\Unity.XR.OpenXR.Features.RuntimeDebugger.dll
Symbol file LoadedFromMemory is not a mono symbol file
Symbol file data-00000259794F75D0 doesn't match image C:\Users\Bar\Documents\GitHub\VR-Classroom\VirtaulClassroom\Library\ScriptAssemblies\Unity.XR.OpenXR.dll
Symbol file LoadedFromMemory is not a mono symbol file
Symbol file data-0000025964926BB0 doesn't match image C:\Users\Bar\Documents\GitHub\VR-Classroom\VirtaulClassroom\Library\ScriptAssemblies\Unity.XR.Oculus.Editor.dll
Symbol file LoadedFromMemory is not a mono symbol file
Symbol file data-000002596E6EB590 doesn't match image C:\Users\Bar\Documents\GitHub\VR-Classroom\VirtaulClassroom\Library\ScriptAssemblies\UnityEditor.SpatialTracking.dll
Symbol file LoadedFromMemory is not a mono symbol file
Symbol file data-000002596D18B070 doesn't match image C:\Users\Bar\Documents\GitHub\VR-Classroom\VirtaulClassroom\Library\ScriptAssemblies\Unity.XR.OpenXR.Features.ConformanceAutomation.dll
Symbol file LoadedFromMemory is not a mono symbol file
Symbol file data-00000259688399B0 doesn't match image C:\Users\Bar\Documents\GitHub\VR-Classroom\VirtaulClassroom\Library\ScriptAssemblies\Unity.XR.OpenXR.Features.RuntimeDebugger.Editor.dll
Symbol file LoadedFromMemory is not a mono symbol file
Symbol file data-000002596EF4CB80 doesn't match image C:\Users\Bar\Documents\GitHub\VR-Classroom\VirtaulClassroom\Library\ScriptAssemblies\Unity.XR.OpenXR.Features.MockDriver.dll
Symbol file LoadedFromMemory is not a mono symbol file
Symbol file data-00000259648B1020 doesn't match image C:\Users\Bar\Documents\GitHub\VR-Classroom\VirtaulClassroom\Library\ScriptAssemblies\Unity.XR.Oculus.dll
Symbol file LoadedFromMemory is not a mono symbol file
Native extension for WindowsStandalone target not found
Refreshing native plugins compatible for Editor in 0.92 ms, found 17 plugins.
Preloading 2 native plugins for Editor in 0.13 ms.
System.Reflection.TargetInvocationException: Exception has been thrown by the target of an invocation. ---> System.NullReferenceException: Object reference not set to an instance of an object
  at Unity.XR.Oculus.OculusLoader.AssetPathToAbsolutePath (System.String assetPath) [0x0004e] in <1d7d48f2e30f44cd83a87506d0e65646>:0 
  at Unity.XR.Oculus.OculusLoader.EditorLoadOVRPlugin () [0x0007b] in <1d7d48f2e30f44cd83a87506d0e65646>:0 
  at (wrapper managed-to-native) System.Reflection.MonoMethod.InternalInvoke(System.Reflection.MonoMethod,object,object[],System.Exception&)
  at System.Reflection.MonoMethod.Invoke (System.Object obj, System.Reflection.BindingFlags invokeAttr, System.Reflection.Binder binder, System.Object[] parameters, System.Globalization.CultureInfo culture) [0x00032] in <695d1cc93cca45069c528c15c9fdd749>:0 
   --- End of inner exception stack trace ---
  at System.Reflection.MonoMethod.Invoke (System.Object obj, System.Reflection.BindingFlags invokeAttr, System.Reflection.Binder binder, System.Object[] parameters, System.Globalization.CultureInfo culture) [0x00048] in <695d1cc93cca45069c528c15c9fdd749>:0 
  at System.Reflection.MethodBase.Invoke (System.Object obj, System.Object[] parameters) [0x00000] in <695d1cc93cca45069c528c15c9fdd749>:0 
  at UnityEditor.EditorAssemblies.ProcessInitializeOnLoadMethodAttributes () [0x00047] in <208f92fc783546f9abbe643bfc23920c>:0 
UnityEngine.StackTraceUtility:ExtractStackTrace ()
UnityEngine.DebugLogHandler:LogFormat (UnityEngine.LogType,UnityEngine.Object,string,object[])
UnityEngine.Logger:Log (UnityEngine.LogType,object)
UnityEngine.Debug:LogError (object)
UnityEditor.EditorAssemblies:ProcessInitializeOnLoadMethodAttributes ()

Mono: successfully reloaded assembly
- Completed reload, in  0.905 seconds
Domain Reload Profiling:
	ReloadAssembly (906ms)
		BeginReloadAssembly (106ms)
			ExecutionOrderSort (0ms)
			DisableScriptedObjects (4ms)
			BackupInstance (0ms)
			ReleaseScriptingObjects (0ms)
			CreateAndSetChildDomain (29ms)
		EndReloadAssembly (744ms)
			LoadAssemblies (81ms)
			RebuildTransferFunctionScriptingTraits (0ms)
			SetupTypeCache (249ms)
			ReleaseScriptCaches (1ms)
			RebuildScriptCaches (35ms)
			SetupLoadedEditorAssemblies (278ms)
				LogAssemblyErrors (0ms)
				InitializePlatformSupportModulesInManaged (3ms)
				SetLoadedEditorAssemblies (0ms)
				RefreshPlugins (1ms)
				BeforeProcessingInitializeOnLoad (56ms)
				ProcessInitializeOnLoadAttributes (197ms)
				ProcessInitializeOnLoadMethodAttributes (14ms)
				AfterProcessingInitializeOnLoad (6ms)
				EditorAssembliesLoaded (0ms)
			ExecutionOrderSort2 (0ms)
			AwakeInstancesAfterBackupRestoration (6ms)
Platform modules already initialized, skipping
Refreshing native plugins compatible for Editor in 0.95 ms, found 17 plugins.
Preloading 2 native plugins for Editor in 0.13 ms.
Unloading 2301 Unused Serialized files (Serialized files now loaded: 0)
System memory in use before: 101.6 MB.
System memory in use after: 101.8 MB.

Unloading 34 unused Assets to reduce memory usage. Loaded Objects now: 2853.
Total: 3.736800 ms (FindLiveObjects: 0.244600 ms CreateObjectMapping: 0.071800 ms MarkObjects: 3.390000 ms  DeleteObjects: 0.029200 ms)

AssetImportParameters requested are different than current active one (requested -> active):
  custom:framework-win-MediaFoundation: 216162199b28c13a410421893ffa2e32 -> 
  custom:video-decoder-ogg-theora: a1e56fd34408186e4bbccfd4996cb3dc -> 
  custom:container-muxer-webm: aa71ff27fc2769a1b78a27578f13a17b -> 
  custom:container-demuxer-webm: 4f35f7cbe854078d1ac9338744f61a02 -> 
  custom:container-demuxer-ogg: 62fdf1f143b41e24485cea50d1cbac27 -> 
  custom:video-encoder-webm-vp8: eb34c28f22e8b96e1ab97ce403110664 -> 
  custom:video-decoder-webm-vp8: 9c59270c3fd7afecdb556c50c9e8de78 -> 
  custom:audio-decoder-ogg-vorbis: bf7c407c2cedff20999df2af8eb42d56 -> 
  custom:audio-encoder-webm-vorbis: bf7c407c2cedff20999df2af8eb42d56 -> 
========================================================================
Received Import Request.
  Time since last request: 740.987531 seconds.
  path: Assets/Scripts/Board.cs
  artifactKey: Guid(cc746875906f02945986e8de68d4a9e0) Importer(815301076,1909f56bfc062723c751e8b465ee728b)
Start importing Assets/Scripts/Board.cs using Guid(cc746875906f02945986e8de68d4a9e0) Importer(815301076,1909f56bfc062723c751e8b465ee728b)  -> (artifact id: 'fd8b56ef566069df96ec89604e4deb7b') in 0.004581 seconds 
  Import took 0.007565 seconds .

